<?xml version="1.0" encoding="UTF-8"?>
<testng-results ignored="2" total="3" passed="1" failed="0" skipped="0">
  <reporter-output>
  </reporter-output>
  <suite started-at="2023-05-04T19:19:09 IST" name="Suite" finished-at="2023-05-04T19:20:06 IST" duration-ms="57303">
    <groups>
    </groups>
    <test started-at="2023-05-04T19:19:09 IST" name="Test" finished-at="2023-05-04T19:20:06 IST" duration-ms="57303">
      <class name="base.BaseTest">
        <test-method is-config="true" signature="setUp()[pri:0, instance:base.BaseTest@2beee7ff]" started-at="2023-05-04T19:19:09 IST" name="setUp" finished-at="2023-05-04T19:19:13 IST" duration-ms="4092" status="PASS">
          <reporter-output>
          </reporter-output>
        </test-method> <!-- setUp -->
        <test-method is-config="true" signature="teardown()[pri:0, instance:base.BaseTest@2beee7ff]" started-at="2023-05-04T19:20:06 IST" name="teardown" finished-at="2023-05-04T19:20:06 IST" duration-ms="136" status="PASS">
          <reporter-output>
          </reporter-output>
        </test-method> <!-- teardown -->
      </class> <!-- base.BaseTest -->
      <class name="testcases.FirstRegistration">
        <test-method signature="RegistrationTest()[pri:0, instance:testcases.FirstRegistration@5136d012]" started-at="2023-05-04T19:19:13 IST" name="RegistrationTest" finished-at="2023-05-04T19:20:06 IST" duration-ms="53038" status="PASS">
          <reporter-output>
          </reporter-output>
        </test-method> <!-- RegistrationTest -->
      </class> <!-- testcases.FirstRegistration -->
    </test> <!-- Test -->
  </suite> <!-- Suite -->
</testng-results>
